"[01/11/2023 08:00] ENTRADA - MORADOR: João Silva (Bloco A, Apartamento 101) - Observação: Entrada autorizada."
"[01/11/2023 08:15] ENTRADA - PRESTADOR DE SERVIÇO: Maria Souza (Empresa: Limpex) - Unidade: Bloco B, Apartamento 202 - Observação: Autorizado para serviços de limpeza. Crachá fornecido."
"[01/11/2023 08:30] ERRO DE SISTEMA: Falha na leitura do crachá - Nível: 1."
"[01/11/2023 09:00] ENTRADA - VISITANTE: Carlos Mendes - Unidade: Bloco C, Apartamento 303 - Observação: Visitante autorizado pelo morador. Documento RG: 1234567."
"[01/11/2023 10:00] SAÍDA - PRESTADOR DE SERVIÇO: Maria Souza (Empresa: Limpex) - Unidade: Bloco B, Apartamento 202 - Observação: Serviço concluído. Crachá devolvido."
"[01/11/2023 10:30] ERRO DE SISTEMA: Câmera do portão principal offline - Nível: 2."
"[01/11/2023 12:00] SAÍDA - MORADOR: Ana Costa (Bloco D, Apartamento 404) - Observação: Saída registrada."
"[01/11/2023 14:00] ENTRADA - VISITANTE: Pedro Almeida - Unidade: Bloco A, Apartamento 101 - Observação: Visitante autorizado pelo morador. Documento RG: 7654321."
"[01/11/2023 16:00] SAÍDA - VISITANTE: Carlos Mendes - Unidade: Bloco C, Apartamento 303 - Observação: Saída registrada."
"[01/11/2023 18:00] ENTRADA - MORADOR: João Silva (Bloco A, Apartamento 101) - Observação: Entrada autorizada."
"[01/11/2023 19:00] SAÍDA - VISITANTE: Pedro Almeida - Unidade: Bloco A, Apartamento 101 - Observação: Saída registrada."
"[01/11/2023 20:00] ERRO DE SISTEMA: Falha no sistema de iluminação do estacionamento - Nível: 1."
"[01/11/2023 22:00] SAÍDA - MORADOR: Ana Costa (Bloco D, Apartamento 404) - Observação: Saída registrada."
"[02/11/2023 00:30] ENTRADA - MORADOR: Ricardo Almeida (Bloco M, Apartamento 1313) - Observação: Entrada autorizada."
"[02/11/2023 00:32] ENTRADA - MORADOR: Ricardo Almeida (Bloco M, Apartamento 1313) - Observação: Entrada autorizada."
"[02/11/2023 02:00] SAÍDA - MORADOR: Camila Fernandes (Bloco Q, Apartamento 1717) - Observação: Saída registrada."
"[02/11/2023 04:00] ENTRADA - MORADOR: Felipe Souza (Bloco U, Apartamento 2121) - Observação: Entrada autorizada."
"[02/11/2023 04:02] ENTRADA - MORADOR: Felipe Souza (Bloco U, Apartamento 2121) - Observação: Entrada autorizada."
"[02/11/2023 06:00] SAÍDA - MORADOR: Mariana Rocha (Bloco I, Apartamento 909) - Observação: Saída registrada."
"[02/11/2023 08:00] ENTRADA - PRESTADOR DE SERVIÇO: José Santos (Empresa: EletroTech) - Unidade: Bloco F, Apartamento 606 - Observação: Autorizado para manutenção elétrica. Crachá fornecido."
"[02/11/2023 09:30] ENTRADA - VISITANTE: Fernanda Lima - Unidade: Bloco G, Apartamento 707 - Observação: Visitante autorizado pelo morador. Documento RG: 9876543."
"[02/11/2023 11:00] SAÍDA - PRESTADOR DE SERVIÇO: José Santos (Empresa: EletroTech) - Unidade: Bloco F, Apartamento 606 - Observação: Serviço concluído. Crachá devolvido."
"[02/11/2023 12:15] SAÍDA - MORADOR: Lucas Oliveira (Bloco E, Apartamento 505) - Observação: Saída registrada."
"[02/11/2023 14:30] ENTRADA - VISITANTE: Rafaela Costa - Unidade: Bloco H, Apartamento 808 - Observação: Visitante autorizado pelo morador. Documento RG: 4567890."
"[02/11/2023 17:00] SAÍDA - VISITANTE: Fernanda Lima - Unidade: Bloco G, Apartamento 707 - Observação: Saída registrada."
"[02/11/2023 18:30] ENTRADA - MORADOR: Lucas Oliveira (Bloco E, Apartamento 505) - Observação: Entrada autorizada."
"[02/11/2023 20:00] SAÍDA - VISITANTE: Rafaela Costa - Unidade: Bloco H, Apartamento 808 - Observação: Saída registrada."
"[02/11/2023 22:15] SAÍDA - MORADOR: Lucas Oliveira (Bloco E, Apartamento 505) - Observação: Saída registrada."
"[03/11/2023 00:00] ENTRADA - MORADOR: Ricardo Almeida (Bloco M, Apartamento 1313) - Observação: Entrada autorizada."
"[03/11/2023 00:02] ENTRADA - MORADOR: Ricardo Almeida (Bloco M, Apartamento 1313) - Observação: Entrada autorizada."
"[03/11/2023 02:00] SAÍDA - MORADOR: Camila Fernandes (Bloco Q, Apartamento 1717) - Observação: Saída registrada."
"[03/11/2023 04:00] ENTRADA - MORADOR: Felipe Souza (Bloco U, Apartamento 2121) - Observação: Entrada autorizada."
"[03/11/2023 04:02] ENTRADA - MORADOR: Felipe Souza (Bloco U, Apartamento 2121) - Observação: Entrada autorizada."
"[03/11/2023 06:00] SAÍDA - MORADOR: Mariana Rocha (Bloco I, Apartamento 909) - Observação: Saída registrada."
"[03/11/2023 08:00] ENTRADA - PRESTADOR DE SERVIÇO: Carlos Mendes (Empresa: AquaFix) - Unidade: Bloco J, Apartamento 1010 - Observação: Autorizado para reparo hidráulico. Crachá fornecido."
"[03/11/2023 10:00] ENTRADA - VISITANTE: Bruno Alves - Unidade: Bloco K, Apartamento 1111 - Observação: Visitante autorizado pelo morador. Documento RG: 5678901."
"[03/11/2023 12:00] SAÍDA - PRESTADOR DE SERVIÇO: Carlos Mendes (Empresa: AquaFix) - Unidade: Bloco J, Apartamento 1010 - Observação: Serviço concluído. Crachá devolvido."
"[03/11/2023 13:30] SAÍDA - MORADOR: Mariana Rocha (Bloco I, Apartamento 909) - Observação: Saída registrada."
"[03/11/2023 15:00] ENTRADA - VISITANTE: Juliana Martins - Unidade: Bloco L, Apartamento 1212 - Observação: Visitante autorizado pelo morador. Documento RG: 6789012."
"[03/11/2023 17:30] SAÍDA - VISITANTE: Bruno Alves - Unidade: Bloco K, Apartamento 1111 - Observação: Saída registrada."
"[03/11/2023 19:00] ENTRADA - MORADOR: Mariana Rocha (Bloco I, Apartamento 909) - Observação: Entrada autorizada."
"[03/11/2023 21:00] SAÍDA - VISITANTE: Juliana Martins - Unidade: Bloco L, Apartamento 1212 - Observação: Saída registrada."
"[03/11/2023 23:00] SAÍDA - MORADOR: Mariana Rocha (Bloco I, Apartamento 909) - Observação: Saída registrada."
"[04/11/2023 00:30] ENTRADA - MORADOR: Ricardo Almeida (Bloco M, Apartamento 1313) - Observação: Entrada autorizada."
"[04/11/2023 00:32] ENTRADA - MORADOR: Ricardo Almeida (Bloco M, Apartamento 1313) - Observação: Entrada autorizada."
"[04/11/2023 02:00] SAÍDA - MORADOR: Camila Fernandes (Bloco Q, Apartamento 1717) - Observação: Saída registrada."
"[04/11/2023 04:00] ENTRADA - MORADOR: Felipe Souza (Bloco U, Apartamento 2121) - Observação: Entrada autorizada."
"[04/11/2023 04:02] ENTRADA - MORADOR: Felipe Souza (Bloco U, Apartamento 2121) - Observação: Entrada autorizada."
"[04/11/2023 06:00] SAÍDA - MORADOR: Mariana Rocha (Bloco I, Apartamento 909) - Observação: Saída registrada."
"[04/11/2023 08:00] ENTRADA - PRESTADOR DE SERVIÇO: Ana Clara (Empresa: CleanHouse) - Unidade: Bloco N, Apartamento 1414 - Observação: Autorizado para limpeza. Crachá fornecido."
"[04/11/2023 09:30] ENTRADA - VISITANTE: Gustavo Henrique - Unidade: Bloco O, Apartamento 1515 - Observação: Visitante autorizado pelo morador. Documento RG: 7890123."
"[04/11/2023 11:30] SAÍDA - PRESTADOR DE SERVIÇO: Ana Clara (Empresa: CleanHouse) - Unidade: Bloco N, Apartamento 1414 - Observação: Serviço concluído. Crachá devolvido."
"[04/11/2023 13:00] SAÍDA - MORADOR: Ricardo Almeida (Bloco M, Apartamento 1313) - Observação: Saída registrada."
"[04/11/2023 15:00] ENTRADA - VISITANTE: Larissa Silva - Unidade: Bloco P, Apartamento 1616 - Observação: Visitante autorizado pelo morador. Documento RG: 8901234."
"[04/11/2023 17:30] SAÍDA - VISITANTE: Gustavo Henrique - Unidade: Bloco O, Apartamento 1515 - Observação: Saída registrada."
"[04/11/2023 19:00] ENTRADA - MORADOR: Ricardo Almeida (Bloco M, Apartamento 1313) - Observação: Entrada autorizada."
"[04/11/2023 21:00] SAÍDA - VISITANTE: Larissa Silva - Unidade: Bloco P, Apartamento 1616 - Observação: Saída registrada."
"[04/11/2023 23:00] SAÍDA - MORADOR: Ricardo Almeida (Bloco M, Apartamento 1313) - Observação: Saída registrada."
"[05/11/2023 00:30] ENTRADA - MORADOR: Ricardo Almeida (Bloco M, Apartamento 1313) - Observação: Entrada autorizada."
"[05/11/2023 00:32] ENTRADA - MORADOR: Ricardo Almeida (Bloco M, Apartamento 1313) - Observação: Entrada autorizada."
"[05/11/2023 02:00] SAÍDA - MORADOR: Camila Fernandes (Bloco Q, Apartamento 1717) - Observação: Saída registrada."
"[05/11/2023 04:00] ENTRADA - MORADOR: Felipe Souza (Bloco U, Apartamento 2121) - Observação: Entrada autorizada."
"[05/11/2023 04:02] ENTRADA - MORADOR: Felipe Souza (Bloco U, Apartamento 2121) - Observação: Entrada autorizada."
"[05/11/2023 06:00] SAÍDA - MORADOR: Mariana Rocha (Bloco I, Apartamento 909) - Observação: Saída registrada."
"[05/11/2023 08:00] ERRO DE SISTEMA: Falha no sistema de controle de acesso - Nível: 3."
"[05/11/2023 10:00] ERRO DE SISTEMA: Sensores de presença não funcionando - Nível: 2."
"[05/11/2023 12:00] ERRO DE SISTEMA: Sistema de backup falhou - Nível: 3."
"[05/11/2023 14:00] ERRO DE SISTEMA: Falha na comunicação com a central de segurança - Nível: 2."
"[05/11/2023 16:00] ERRO DE SISTEMA: Portão automático não responde - Nível: 1."
"[05/11/2023 18:00] ERRO DE SISTEMA: Sistema de iluminação da garagem com falha - Nível: 1."
"[05/11/2023 20:00] ERRO DE SISTEMA: Câmera da área comum offline - Nível: 2."
"[05/11/2023 22:00] ERRO DE SISTEMA: Sistema de alarme disparado sem motivo aparente - Nível: 3."